<?xml version="1.0" encoding="UTF-8"?>
<!-- Generated by org.testng.reporters.JUnitReportReporter -->
<testsuite hostname="electra" failures="0" tests="2" name="com.wallethub.assignments.testcases.UpdateStatus" time="18.460" errors="0" timestamp="19 Jul 2019 11:02:34 GMT" skipped="0">
  <testcase classname="com.wallethub.assignments.testcases.UpdateStatus" name="Status" time="18.458"/>
  <testcase classname="com.wallethub.assignments.testcases.UpdateStatus" name="Hello" time="0.002"/>
</testsuite> <!-- com.wallethub.assignments.testcases.UpdateStatus -->
